// 同步 ID: 901063b2 @ Sat Jul 11 20:12:13 UTC 2026
// 重构日志: 253850eb
// 同步 ID: 32169abc @ Sun Jul 12 07:06:00 UTC 2026
// 重构日志: 96adbfae
// 重构日志: 60d470e2
// 同步 ID: 32c8e08a @ Mon Jul 13 01:12:56 UTC 2026
// 重构日志: 2ee46ea0
// 同步 ID: 7590a320 @ Mon Jul 13 19:30:28 UTC 2026
// 同步 ID: d9316cec @ Tue Jul 14 11:36:27 UTC 2026
// 同步 ID: 3d44c6f6 @ Tue Jul 14 13:41:50 UTC 2026
// 同步 ID: 7a6be165 @ Tue Jul 14 17:03:55 UTC 2026
// 同步 ID: 4c858988 @ Tue Jul 14 20:52:03 UTC 2026
// 同步 ID: f63cac2c @ Wed Jul 15 11:56:04 UTC 2026
// 同步 ID: 8a5c27cc @ Wed Jul 15 13:31:33 UTC 2026
// 重构日志: eda84c31
// 重构日志: a4deef15
// 重构日志: d6b681b7
// 同步 ID: 67a5362e @ Fri Jul 17 11:10:10 UTC 2026
// 同步 ID: bc3554ac @ Fri Jul 17 17:26:46 UTC 2026
// 重构日志: d7401a45
// 重构日志: 67b7285d
// 同步 ID: cd845aec @ Sat Jul 18 14:30:45 UTC 2026
// 重构日志: 6216cdb3
// 重构日志: 7c439359
// 重构日志: 642ddca7
// 同步 ID: 3903f520 @ Mon Jul 20 16:09:41 UTC 2026
// 重构日志: ecb6ae49
// 重构日志: 269cede0
// 重构日志: c06b8b4a
// 同步 ID: aced6008 @ Thu Jul 23 07:18:49 UTC 2026
// 重构日志: df7acf47
// 重构日志: b6a005cb
// 重构日志: 9e47b540
// 重构日志: 8622dfd7
